2026-05-25 17:00:04 [INFO] === ЗАПУСК БОЛЬШОГО СБОРЩИКА ДАННЫХ ===
2026-05-25 17:00:04 [INFO] Сканируем страницу 1: https://www.mirkvartir.ru/%D0%9C%D0%BE%D1%81%D0%BA%D0%B2%D0%B0/
2026-05-25 17:00:04 [INFO]    Ожидание 4.25 сек перед следующей страницей...
2026-05-25 17:00:08 [INFO] Сканируем страницу 2: https://www.mirkvartir.ru/%D0%9C%D0%BE%D1%81%D0%BA%D0%B2%D0%B0/?p=2
2026-05-25 17:00:09 [INFO]    Ожидание 4.64 сек перед следующей страницей...
2026-05-25 17:00:13 [INFO] Сканируем страницу 3: https://www.mirkvartir.ru/%D0%9C%D0%BE%D1%81%D0%BA%D0%B2%D0%B0/?p=3
2026-05-25 17:00:13 [INFO]    Ожидание 5.94 сек перед следующей страницей...
2026-05-25 17:00:19 [INFO] 
Сбор окончен. Всего объектов со всех страниц собрано: 90
2026-05-25 17:00:19 [INFO] Данные успешно выгружены в файл: mirkvartir_data.csv
2026-05-25 17:27:49 [INFO] === ЗАПУСК БОЛЬШОГО СБОРЩИКА ДАННЫХ ===
2026-05-25 17:27:49 [INFO] Сканируем страницу 1: https://www.mirkvartir.ru/%D0%9C%D0%BE%D1%81%D0%BA%D0%B2%D0%B0/
2026-05-25 17:27:49 [INFO] -> Успешно собрано объектов со страницы 1: 30
2026-05-25 17:27:49 [INFO]    Ожидание 6.73 сек перед следующей страницей...
2026-05-25 17:27:56 [INFO] Сканируем страницу 2: https://www.mirkvartir.ru/%D0%9C%D0%BE%D1%81%D0%BA%D0%B2%D0%B0/?p=2
2026-05-25 17:27:56 [INFO] -> Успешно собрано объектов со страницы 2: 30
2026-05-25 17:27:56 [INFO]    Ожидание 4.81 сек перед следующей страницей...
2026-05-25 17:28:01 [INFO] Сканируем страницу 3: https://www.mirkvartir.ru/%D0%9C%D0%BE%D1%81%D0%BA%D0%B2%D0%B0/?p=3
2026-05-25 17:28:01 [INFO] -> Успешно собрано объектов со страницы 3: 30
2026-05-25 17:28:01 [INFO]    Ожидание 7.03 сек перед следующей страницей...
2026-05-25 17:28:47 [INFO] === ЗАПУСК БОЛЬШОГО СБОРЩИКА ДАННЫХ ===
2026-05-25 17:28:47 [INFO] Сканируем страницу 1: https://www.mirkvartir.ru/%D0%9C%D0%BE%D1%81%D0%BA%D0%B2%D0%B0/
2026-05-25 17:28:47 [INFO] -> Успешно собрано объектов со страницы 1: 30
2026-05-25 17:28:47 [INFO]    Ожидание 6.78 сек перед следующей страницей...
2026-05-25 17:28:54 [INFO] Сканируем страницу 2: https://www.mirkvartir.ru/%D0%9C%D0%BE%D1%81%D0%BA%D0%B2%D0%B0/?p=2
2026-05-25 17:28:54 [INFO] -> Успешно собрано объектов со страницы 2: 30
2026-05-25 17:28:54 [INFO]    Ожидание 5.51 сек перед следующей страницей...
2026-05-25 17:29:00 [INFO] Сканируем страницу 3: https://www.mirkvartir.ru/%D0%9C%D0%BE%D1%81%D0%BA%D0%B2%D0%B0/?p=3
2026-05-25 17:29:00 [INFO] -> Успешно собрано объектов со страницы 3: 30
2026-05-25 17:29:00 [INFO]    Ожидание 6.61 сек перед следующей страницей...
2026-05-25 17:29:07 [INFO] 
Сбор окончен. Всего объектов со всех страниц собрано: 90
2026-05-25 17:29:07 [INFO] Данные успешно выгружены в файл: mirkvartir_data.csv
2026-05-25 19:24:07 [INFO] === ЗАПУСК БОЛЬШОГО СБОРЩИКА ДАННЫХ ===
2026-05-25 19:25:11 [INFO] === ЗАПУСК БОЛЬШОГО СБОРЩИКА ДАННЫХ ===
2026-05-25 19:26:24 [INFO] === ЗАПУСК БОЛЬШОГО СБОРЩИКА ДАННЫХ ===
2026-05-25 19:26:24 [INFO] Сканируем страницу 1: https://www.mirkvartir.ru/%D0%9C%D0%BE%D1%81%D0%BA%D0%B2%D0%B0/
2026-05-25 19:26:24 [INFO] -> Успешно собрано объектов со страницы 1: 30
2026-05-25 19:26:24 [INFO]    Ожидание 6.91 сек перед следующей страницей...
2026-05-25 19:26:31 [INFO] Сканируем страницу 2: https://www.mirkvartir.ru/%D0%9C%D0%BE%D1%81%D0%BA%D0%B2%D0%B0/?p=2
2026-05-25 19:26:33 [INFO] -> Успешно собрано объектов со страницы 2: 30
2026-05-25 19:26:33 [INFO]    Ожидание 6.06 сек перед следующей страницей...
2026-05-25 19:26:39 [INFO] Сканируем страницу 3: https://www.mirkvartir.ru/%D0%9C%D0%BE%D1%81%D0%BA%D0%B2%D0%B0/?p=3
2026-05-25 19:26:41 [INFO] -> Успешно собрано объектов со страницы 3: 30
2026-05-25 19:26:41 [INFO]    Ожидание 6.20 сек перед следующей страницей...
2026-05-25 19:26:47 [INFO] 
Сбор окончен. Всего объектов со всех страниц собрано: 90
2026-05-25 19:26:47 [INFO] Данные успешно выгружены в файл: mirkvartir_data.csv
